<?xml version="1.0" encoding="UTF-8"?>
<testsuite xmlns:xsi="http://www.w3.org/2001/XMLSchema-instance" xsi:noNamespaceSchemaLocation="https://maven.apache.org/surefire/maven-surefire-plugin/xsd/surefire-test-report.xsd" name="TestSuite" time="20.255" tests="1" errors="0" skipped="0" failures="1">
  <properties>
    <property name="sun.desktop" value="windows"/>
    <property name="awt.toolkit" value="sun.awt.windows.WToolkit"/>
    <property name="file.encoding.pkg" value="sun.io"/>
    <property name="java.specification.version" value="1.8"/>
    <property name="sun.cpu.isalist" value="amd64"/>
    <property name="sun.jnu.encoding" value="Cp1252"/>
    <property name="java.class.path" value="D:\Users\Sonam_Mittal\workspace\SeleniumProject-master\target\test-classes;D:\Users\Sonam_Mittal\workspace\SeleniumProject-master\target\classes;C:\Users\Sonam_Mittal\.m2\repository\org\seleniumhq\selenium\selenium-java\3.4.0\selenium-java-3.4.0.jar;C:\Users\Sonam_Mittal\.m2\repository\org\seleniumhq\selenium\selenium-api\3.4.0\selenium-api-3.4.0.jar;C:\Users\Sonam_Mittal\.m2\repository\org\seleniumhq\selenium\selenium-chrome-driver\3.4.0\selenium-chrome-driver-3.4.0.jar;C:\Users\Sonam_Mittal\.m2\repository\org\seleniumhq\selenium\selenium-edge-driver\3.4.0\selenium-edge-driver-3.4.0.jar;C:\Users\Sonam_Mittal\.m2\repository\org\seleniumhq\selenium\selenium-firefox-driver\3.4.0\selenium-firefox-driver-3.4.0.jar;C:\Users\Sonam_Mittal\.m2\repository\org\seleniumhq\selenium\selenium-ie-driver\3.4.0\selenium-ie-driver-3.4.0.jar;C:\Users\Sonam_Mittal\.m2\repository\org\seleniumhq\selenium\selenium-opera-driver\3.4.0\selenium-opera-driver-3.4.0.jar;C:\Users\Sonam_Mittal\.m2\repository\org\seleniumhq\selenium\selenium-remote-driver\3.4.0\selenium-remote-driver-3.4.0.jar;C:\Users\Sonam_Mittal\.m2\repository\org\seleniumhq\selenium\selenium-safari-driver\3.4.0\selenium-safari-driver-3.4.0.jar;C:\Users\Sonam_Mittal\.m2\repository\org\seleniumhq\selenium\selenium-support\3.4.0\selenium-support-3.4.0.jar;C:\Users\Sonam_Mittal\.m2\repository\cglib\cglib-nodep\3.2.4\cglib-nodep-3.2.4.jar;C:\Users\Sonam_Mittal\.m2\repository\org\apache\commons\commons-exec\1.3\commons-exec-1.3.jar;C:\Users\Sonam_Mittal\.m2\repository\org\apache\commons\commons-lang3\3.5\commons-lang3-3.5.jar;C:\Users\Sonam_Mittal\.m2\repository\commons-codec\commons-codec\1.10\commons-codec-1.10.jar;C:\Users\Sonam_Mittal\.m2\repository\commons-io\commons-io\2.5\commons-io-2.5.jar;C:\Users\Sonam_Mittal\.m2\repository\commons-logging\commons-logging\1.2\commons-logging-1.2.jar;C:\Users\Sonam_Mittal\.m2\repository\org\w3c\css\sac\1.3\sac-1.3.jar;C:\Users\Sonam_Mittal\.m2\repository\net\sourceforge\cssparser\cssparser\0.9.22\cssparser-0.9.22.jar;C:\Users\Sonam_Mittal\.m2\repository\com\google\code\gson\gson\2.8.0\gson-2.8.0.jar;C:\Users\Sonam_Mittal\.m2\repository\com\google\guava\guava\21.0\guava-21.0.jar;C:\Users\Sonam_Mittal\.m2\repository\org\hamcrest\hamcrest-core\1.3\hamcrest-core-1.3.jar;C:\Users\Sonam_Mittal\.m2\repository\net\sourceforge\htmlunit\htmlunit\2.26\htmlunit-2.26.jar;C:\Users\Sonam_Mittal\.m2\repository\net\sourceforge\htmlunit\htmlunit-core-js\2.26\htmlunit-core-js-2.26.jar;C:\Users\Sonam_Mittal\.m2\repository\net\sourceforge\htmlunit\neko-htmlunit\2.25\neko-htmlunit-2.25.jar;C:\Users\Sonam_Mittal\.m2\repository\org\apache\httpcomponents\httpclient\4.5.3\httpclient-4.5.3.jar;C:\Users\Sonam_Mittal\.m2\repository\org\apache\httpcomponents\httpcore\4.4.6\httpcore-4.4.6.jar;C:\Users\Sonam_Mittal\.m2\repository\org\apache\httpcomponents\httpmime\4.5.3\httpmime-4.5.3.jar;C:\Users\Sonam_Mittal\.m2\repository\org\eclipse\jetty\jetty-io\9.4.1.v20170120\jetty-io-9.4.1.v20170120.jar;C:\Users\Sonam_Mittal\.m2\repository\org\eclipse\jetty\jetty-util\9.4.1.v20170120\jetty-util-9.4.1.v20170120.jar;C:\Users\Sonam_Mittal\.m2\repository\net\java\dev\jna\jna\4.1.0\jna-4.1.0.jar;C:\Users\Sonam_Mittal\.m2\repository\net\java\dev\jna\jna-platform\4.1.0\jna-platform-4.1.0.jar;C:\Users\Sonam_Mittal\.m2\repository\junit\junit\4.12\junit-4.12.jar;C:\Users\Sonam_Mittal\.m2\repository\com\codeborne\phantomjsdriver\1.4.0\phantomjsdriver-1.4.0.jar;C:\Users\Sonam_Mittal\.m2\repository\org\seleniumhq\selenium\htmlunit-driver\2.26\htmlunit-driver-2.26.jar;C:\Users\Sonam_Mittal\.m2\repository\javax\servlet\javax.servlet-api\3.1.0\javax.servlet-api-3.1.0.jar;C:\Users\Sonam_Mittal\.m2\repository\org\eclipse\jetty\websocket\websocket-api\9.4.3.v20170317\websocket-api-9.4.3.v20170317.jar;C:\Users\Sonam_Mittal\.m2\repository\org\eclipse\jetty\websocket\websocket-client\9.4.3.v20170317\websocket-client-9.4.3.v20170317.jar;C:\Users\Sonam_Mittal\.m2\repository\org\eclipse\jetty\jetty-client\9.4.3.v20170317\jetty-client-9.4.3.v20170317.jar;C:\Users\Sonam_Mittal\.m2\repository\org\eclipse\jetty\jetty-http\9.4.3.v20170317\jetty-http-9.4.3.v20170317.jar;C:\Users\Sonam_Mittal\.m2\repository\org\eclipse\jetty\websocket\websocket-common\9.4.3.v20170317\websocket-common-9.4.3.v20170317.jar;C:\Users\Sonam_Mittal\.m2\repository\xalan\serializer\2.7.2\serializer-2.7.2.jar;C:\Users\Sonam_Mittal\.m2\repository\xalan\xalan\2.7.2\xalan-2.7.2.jar;C:\Users\Sonam_Mittal\.m2\repository\xerces\xercesImpl\2.11.0\xercesImpl-2.11.0.jar;C:\Users\Sonam_Mittal\.m2\repository\xml-apis\xml-apis\1.4.01\xml-apis-1.4.01.jar;C:\Users\Sonam_Mittal\.m2\repository\org\testng\testng\6.10\testng-6.10.jar;C:\Users\Sonam_Mittal\.m2\repository\com\beust\jcommander\1.48\jcommander-1.48.jar;C:\Users\Sonam_Mittal\.m2\repository\info\cukes\cucumber-java\1.2.5\cucumber-java-1.2.5.jar;C:\Users\Sonam_Mittal\.m2\repository\info\cukes\cucumber-jvm-deps\1.0.5\cucumber-jvm-deps-1.0.5.jar;C:\Users\Sonam_Mittal\.m2\repository\info\cukes\cucumber-core\1.2.5\cucumber-core-1.2.5.jar;C:\Users\Sonam_Mittal\.m2\repository\info\cukes\cucumber-html\0.2.3\cucumber-html-0.2.3.jar;C:\Users\Sonam_Mittal\.m2\repository\info\cukes\gherkin\2.12.2\gherkin-2.12.2.jar;C:\Users\Sonam_Mittal\.m2\repository\info\cukes\cucumber-testng\1.2.5\cucumber-testng-1.2.5.jar;C:\Users\Sonam_Mittal\.m2\repository\io\cucumber\cucumber-java\2.3.0\cucumber-java-2.3.0.jar;C:\Users\Sonam_Mittal\.m2\repository\io\cucumber\cucumber-core\2.3.0\cucumber-core-2.3.0.jar;C:\Users\Sonam_Mittal\.m2\repository\io\cucumber\cucumber-jvm-deps\1.0.6\cucumber-jvm-deps-1.0.6.jar;C:\Users\Sonam_Mittal\.m2\repository\io\cucumber\tag-expressions\1.1.1\tag-expressions-1.1.1.jar;C:\Users\Sonam_Mittal\.m2\repository\com\github\temyers\cucumber-jvm-parallel-plugin\2.1.0\cucumber-jvm-parallel-plugin-2.1.0.jar;C:\Users\Sonam_Mittal\.m2\repository\org\apache\velocity\velocity\1.7\velocity-1.7.jar;C:\Users\Sonam_Mittal\.m2\repository\commons-collections\commons-collections\3.2.1\commons-collections-3.2.1.jar;C:\Users\Sonam_Mittal\.m2\repository\commons-lang\commons-lang\2.4\commons-lang-2.4.jar;C:\Users\Sonam_Mittal\.m2\repository\io\cucumber\gherkin\3.2.0\gherkin-3.2.0.jar;C:\Users\Sonam_Mittal\.m2\repository\io\cucumber\gherkin-jvm-deps\1.0.4\gherkin-jvm-deps-1.0.4.jar;C:\Users\Sonam_Mittal\.m2\repository\org\projectlombok\lombok\1.16.10\lombok-1.16.10.jar;C:\Users\Sonam_Mittal\.m2\repository\net\serenity-bdd\maven\plugins\serenity-maven-plugin\1.0.6\serenity-maven-plugin-1.0.6.jar;C:\Users\Sonam_Mittal\.m2\repository\org\apache\maven\maven-plugin-api\3.2.3\maven-plugin-api-3.2.3.jar;C:\Users\Sonam_Mittal\.m2\repository\org\apache\maven\maven-model\3.2.3\maven-model-3.2.3.jar;C:\Users\Sonam_Mittal\.m2\repository\org\apache\maven\maven-artifact\3.2.3\maven-artifact-3.2.3.jar;C:\Users\Sonam_Mittal\.m2\repository\org\eclipse\sisu\org.eclipse.sisu.plexus\0.0.0.M5\org.eclipse.sisu.plexus-0.0.0.M5.jar;C:\Users\Sonam_Mittal\.m2\repository\javax\enterprise\cdi-api\1.0\cdi-api-1.0.jar;C:\Users\Sonam_Mittal\.m2\repository\javax\annotation\jsr250-api\1.0\jsr250-api-1.0.jar;C:\Users\Sonam_Mittal\.m2\repository\org\sonatype\sisu\sisu-guice\3.1.0\sisu-guice-3.1.0-no_aop.jar;C:\Users\Sonam_Mittal\.m2\repository\org\eclipse\sisu\org.eclipse.sisu.inject\0.0.0.M5\org.eclipse.sisu.inject-0.0.0.M5.jar;C:\Users\Sonam_Mittal\.m2\repository\net\serenity-bdd\core\1.0.6\core-1.0.6.jar;C:\Users\Sonam_Mittal\.m2\repository\com\google\inject\guice\3.0\guice-3.0.jar;C:\Users\Sonam_Mittal\.m2\repository\javax\inject\javax.inject\1\javax.inject-1.jar;C:\Users\Sonam_Mittal\.m2\repository\aopalliance\aopalliance\1.0\aopalliance-1.0.jar;C:\Users\Sonam_Mittal\.m2\repository\org\slf4j\slf4j-api\1.6.4\slf4j-api-1.6.4.jar;C:\Users\Sonam_Mittal\.m2\repository\net\serenity-bdd\serenity-report-resources\1.0.6\serenity-report-resources-1.0.6.jar;C:\Users\Sonam_Mittal\.m2\repository\com\fasterxml\jackson\core\jackson-core\2.4.3\jackson-core-2.4.3.jar;C:\Users\Sonam_Mittal\.m2\repository\com\fasterxml\jackson\core\jackson-annotations\2.4.3\jackson-annotations-2.4.3.jar;C:\Users\Sonam_Mittal\.m2\repository\com\fasterxml\jackson\core\jackson-databind\2.4.3\jackson-databind-2.4.3.jar;C:\Users\Sonam_Mittal\.m2\repository\com\fasterxml\jackson\datatype\jackson-datatype-joda\2.4.3\jackson-datatype-joda-2.4.3.jar;C:\Users\Sonam_Mittal\.m2\repository\com\fasterxml\jackson\datatype\jackson-datatype-guava\2.4.3\jackson-datatype-guava-2.4.3.jar;C:\Users\Sonam_Mittal\.m2\repository\cglib\cglib\2.2.2\cglib-2.2.2.jar;C:\Users\Sonam_Mittal\.m2\repository\com\opera\operadriver\1.5\operadriver-1.5.jar;C:\Users\Sonam_Mittal\.m2\repository\com\opera\operalaunchers\1.1\operalaunchers-1.1.jar;C:\Users\Sonam_Mittal\.m2\repository\com\google\protobuf\protobuf-java\2.4.1\protobuf-java-2.4.1.jar;C:\Users\Sonam_Mittal\.m2\repository\commons-jxpath\commons-jxpath\1.3\commons-jxpath-1.3.jar;C:\Users\Sonam_Mittal\.m2\repository\org\ini4j\ini4j\0.5.2\ini4j-0.5.2.jar;C:\Users\Sonam_Mittal\.m2\repository\org\seleniumhq\selenium\selenium-server\2.43.1\selenium-server-2.43.1.jar;C:\Users\Sonam_Mittal\.m2\repository\org\bouncycastle\bcprov-jdk15on\1.48\bcprov-jdk15on-1.48.jar;C:\Users\Sonam_Mittal\.m2\repository\org\bouncycastle\bcpkix-jdk15on\1.48\bcpkix-jdk15on-1.48.jar;C:\Users\Sonam_Mittal\.m2\repository\mx4j\mx4j-tools\3.0.1\mx4j-tools-3.0.1.jar;C:\Users\Sonam_Mittal\.m2\repository\org\mortbay\jetty\servlet-api-2.5\6.1.9\servlet-api-2.5-6.1.9.jar;C:\Users\Sonam_Mittal\.m2\repository\org\seleniumhq\selenium\jetty-repacked\7.6.1\jetty-repacked-7.6.1.jar;C:\Users\Sonam_Mittal\.m2\repository\org\seleniumhq\selenium\jetty-rc-repacked\5\jetty-rc-repacked-5.jar;C:\Users\Sonam_Mittal\.m2\repository\net\jcip\jcip-annotations\1.0\jcip-annotations-1.0.jar;C:\Users\Sonam_Mittal\.m2\repository\org\yaml\snakeyaml\1.8\snakeyaml-1.8.jar;C:\Users\Sonam_Mittal\.m2\repository\com\github\detro\phantomjsdriver\1.2.0\phantomjsdriver-1.2.0.jar;C:\Users\Sonam_Mittal\.m2\repository\net\sf\opencsv\opencsv\2.0\opencsv-2.0.jar;C:\Users\Sonam_Mittal\.m2\repository\commons-beanutils\commons-beanutils-core\1.8.3\commons-beanutils-core-1.8.3.jar;C:\Users\Sonam_Mittal\.m2\repository\com\googlecode\lambdaj\lambdaj\2.3.3\lambdaj-2.3.3.jar;C:\Users\Sonam_Mittal\.m2\repository\org\objenesis\objenesis\1.2\objenesis-1.2.jar;C:\Users\Sonam_Mittal\.m2\repository\joda-time\joda-time\2.0\joda-time-2.0.jar;C:\Users\Sonam_Mittal\.m2\repository\com\thoughtworks\xstream\xstream\1.4.1\xstream-1.4.1.jar;C:\Users\Sonam_Mittal\.m2\repository\xmlpull\xmlpull\1.1.3.1\xmlpull-1.1.3.1.jar;C:\Users\Sonam_Mittal\.m2\repository\xpp3\xpp3_min\1.1.4c\xpp3_min-1.1.4c.jar;C:\Users\Sonam_Mittal\.m2\repository\net\sf\flexjson\flexjson\2.1\flexjson-2.1.jar;C:\Users\Sonam_Mittal\.m2\repository\org\freemarker\freemarker\2.3.21\freemarker-2.3.21.jar;C:\Users\Sonam_Mittal\.m2\repository\net\sourceforge\jexcelapi\jxl\2.6.12\jxl-2.6.12.jar;C:\Users\Sonam_Mittal\.m2\repository\asm\asm\3.3.1\asm-3.3.1.jar;C:\Users\Sonam_Mittal\.m2\repository\org\springframework\spring-test\3.2.3.RELEASE\spring-test-3.2.3.RELEASE.jar;C:\Users\Sonam_Mittal\.m2\repository\org\springframework\spring-core\3.2.3.RELEASE\spring-core-3.2.3.RELEASE.jar;C:\Users\Sonam_Mittal\.m2\repository\org\springframework\spring-context\3.2.3.RELEASE\spring-context-3.2.3.RELEASE.jar;C:\Users\Sonam_Mittal\.m2\repository\org\springframework\spring-aop\3.2.3.RELEASE\spring-aop-3.2.3.RELEASE.jar;C:\Users\Sonam_Mittal\.m2\repository\org\springframework\spring-beans\3.2.3.RELEASE\spring-beans-3.2.3.RELEASE.jar;C:\Users\Sonam_Mittal\.m2\repository\org\springframework\spring-expression\3.2.3.RELEASE\spring-expression-3.2.3.RELEASE.jar;C:\Users\Sonam_Mittal\.m2\repository\org\springframework\spring-context-support\3.2.3.RELEASE\spring-context-support-3.2.3.RELEASE.jar;C:\Users\Sonam_Mittal\.m2\repository\org\hamcrest\hamcrest-library\1.3\hamcrest-library-1.3.jar;C:\Users\Sonam_Mittal\.m2\repository\org\fluentlenium\fluentlenium-core\0.10.2\fluentlenium-core-0.10.2.jar;C:\Users\Sonam_Mittal\.m2\repository\com\jhlabs\filters\2.0.235\filters-2.0.235.jar;C:\Users\Sonam_Mittal\.m2\repository\org\asciidoctor\asciidoctor-java-integration\0.1.3\asciidoctor-java-integration-0.1.3.jar;C:\Users\Sonam_Mittal\.m2\repository\org\jruby\jruby-complete\1.7.4\jruby-complete-1.7.4.jar;C:\Users\Sonam_Mittal\.m2\repository\org\hibernate\hibernate-validator\5.1.1.Final\hibernate-validator-5.1.1.Final.jar;C:\Users\Sonam_Mittal\.m2\repository\javax\validation\validation-api\1.1.0.Final\validation-api-1.1.0.Final.jar;C:\Users\Sonam_Mittal\.m2\repository\org\jboss\logging\jboss-logging\3.1.3.GA\jboss-logging-3.1.3.GA.jar;C:\Users\Sonam_Mittal\.m2\repository\com\fasterxml\classmate\1.0.0\classmate-1.0.0.jar;C:\Users\Sonam_Mittal\.m2\repository\javax\el\javax.el-api\2.2.4\javax.el-api-2.2.4.jar;C:\Users\Sonam_Mittal\.m2\repository\org\glassfish\web\javax.el\2.2.4\javax.el-2.2.4.jar;C:\Users\Sonam_Mittal\.m2\repository\org\apache\maven\maven-core\3.0.4\maven-core-3.0.4.jar;C:\Users\Sonam_Mittal\.m2\repository\org\apache\maven\maven-settings\3.0.4\maven-settings-3.0.4.jar;C:\Users\Sonam_Mittal\.m2\repository\org\apache\maven\maven-settings-builder\3.0.4\maven-settings-builder-3.0.4.jar;C:\Users\Sonam_Mittal\.m2\repository\org\apache\maven\maven-repository-metadata\3.0.4\maven-repository-metadata-3.0.4.jar;C:\Users\Sonam_Mittal\.m2\repository\org\apache\maven\maven-model-builder\3.0.4\maven-model-builder-3.0.4.jar;C:\Users\Sonam_Mittal\.m2\repository\org\apache\maven\maven-aether-provider\3.0.4\maven-aether-provider-3.0.4.jar;C:\Users\Sonam_Mittal\.m2\repository\org\sonatype\aether\aether-spi\1.13.1\aether-spi-1.13.1.jar;C:\Users\Sonam_Mittal\.m2\repository\org\sonatype\aether\aether-impl\1.13.1\aether-impl-1.13.1.jar;C:\Users\Sonam_Mittal\.m2\repository\org\sonatype\aether\aether-api\1.13.1\aether-api-1.13.1.jar;C:\Users\Sonam_Mittal\.m2\repository\org\sonatype\aether\aether-util\1.13.1\aether-util-1.13.1.jar;C:\Users\Sonam_Mittal\.m2\repository\org\sonatype\sisu\sisu-inject-plexus\2.3.0\sisu-inject-plexus-2.3.0.jar;C:\Users\Sonam_Mittal\.m2\repository\org\sonatype\sisu\sisu-inject-bean\2.3.0\sisu-inject-bean-2.3.0.jar;C:\Users\Sonam_Mittal\.m2\repository\org\codehaus\plexus\plexus-interpolation\1.14\plexus-interpolation-1.14.jar;C:\Users\Sonam_Mittal\.m2\repository\org\codehaus\plexus\plexus-utils\2.0.6\plexus-utils-2.0.6.jar;C:\Users\Sonam_Mittal\.m2\repository\org\codehaus\plexus\plexus-classworlds\2.4\plexus-classworlds-2.4.jar;C:\Users\Sonam_Mittal\.m2\repository\org\codehaus\plexus\plexus-component-annotations\1.5.5\plexus-component-annotations-1.5.5.jar;C:\Users\Sonam_Mittal\.m2\repository\org\sonatype\plexus\plexus-sec-dispatcher\1.3\plexus-sec-dispatcher-1.3.jar;C:\Users\Sonam_Mittal\.m2\repository\org\sonatype\plexus\plexus-cipher\1.4\plexus-cipher-1.4.jar;C:\Users\Sonam_Mittal\.m2\repository\org\apache\maven\plugin-tools\maven-plugin-annotations\3.3\maven-plugin-annotations-3.3.jar;C:\Users\Sonam_Mittal\.m2\repository\org\apache\maven\reporting\maven-reporting-api\3.0\maven-reporting-api-3.0.jar;C:\Users\Sonam_Mittal\.m2\repository\org\apache\maven\doxia\doxia-sink-api\1.0\doxia-sink-api-1.0.jar;C:\Users\Sonam_Mittal\.m2\repository\log4j\log4j\1.2.17\log4j-1.2.17.jar;C:\Users\Sonam_Mittal\.m2\repository\org\apache\poi\poi-ooxml\3.9\poi-ooxml-3.9.jar;C:\Users\Sonam_Mittal\.m2\repository\org\apache\poi\poi\3.9\poi-3.9.jar;C:\Users\Sonam_Mittal\.m2\repository\org\apache\poi\poi-ooxml-schemas\3.9\poi-ooxml-schemas-3.9.jar;C:\Users\Sonam_Mittal\.m2\repository\org\apache\xmlbeans\xmlbeans\2.3.0\xmlbeans-2.3.0.jar;C:\Users\Sonam_Mittal\.m2\repository\dom4j\dom4j\1.6.1\dom4j-1.6.1.jar;C:\Users\Sonam_Mittal\.m2\repository\org\hamcrest\hamcrest-all\1.1\hamcrest-all-1.1.jar;C:\Users\Sonam_Mittal\.m2\repository\org\apache\servicemix\bundles\org.apache.servicemix.bundles.poi\3.14_1\org.apache.servicemix.bundles.poi-3.14_1.jar;C:\Users\Sonam_Mittal\.m2\repository\logkit\logkit\1.0.1\logkit-1.0.1.jar;C:\Users\Sonam_Mittal\.m2\repository\avalon-framework\avalon-framework\4.1.3\avalon-framework-4.1.3.jar;C:\Users\Sonam_Mittal\.m2\repository\javax\servlet\servlet-api\2.3\servlet-api-2.3.jar;C:\Users\Sonam_Mittal\.m2\repository\com\github\virtuald\curvesapi\1.03\curvesapi-1.03.jar;C:\Users\Sonam_Mittal\.m2\repository\stax\stax-api\1.0.1\stax-api-1.0.1.jar;C:\Users\Sonam_Mittal\.m2\repository\org\apache\maven\surefire\surefire-testng-utils\2.20.1\surefire-testng-utils-2.20.1.jar;C:\Users\Sonam_Mittal\.m2\repository\org\apache\maven\surefire\surefire-grouper\2.20.1\surefire-grouper-2.20.1.jar;"/>
    <property name="java.vm.vendor" value="Oracle Corporation"/>
    <property name="sun.arch.data.model" value="64"/>
    <property name="user.variant" value=""/>
    <property name="java.vendor.url" value="http://java.oracle.com/"/>
    <property name="user.timezone" value="Asia/Calcutta"/>
    <property name="java.vm.specification.version" value="1.8"/>
    <property name="os.name" value="Windows 10"/>
    <property name="user.country" value="US"/>
    <property name="sun.java.launcher" value="SUN_STANDARD"/>
    <property name="included.adapters" value="coverage:complexity:dependency"/>
    <property name="sun.boot.library.path" value="C:\Program Files\Java\jdk1.8.0_181\jre\bin"/>
    <property name="sun.java.command" value="C:\Users\SONAM_~1\AppData\Local\Temp\surefire5629077575918049196\surefirebooter8066327903402104167.jar C:\Users\Sonam_Mittal\AppData\Local\Temp\surefire5629077575918049196 2018-10-19T13-22-22_258-jvmRun1 surefire894159813918073572tmp surefire_06788724152816851855tmp"/>
    <property name="surefire.test.class.path" value="D:\Users\Sonam_Mittal\workspace\SeleniumProject-master\target\test-classes;D:\Users\Sonam_Mittal\workspace\SeleniumProject-master\target\classes;C:\Users\Sonam_Mittal\.m2\repository\org\seleniumhq\selenium\selenium-java\3.4.0\selenium-java-3.4.0.jar;C:\Users\Sonam_Mittal\.m2\repository\org\seleniumhq\selenium\selenium-api\3.4.0\selenium-api-3.4.0.jar;C:\Users\Sonam_Mittal\.m2\repository\org\seleniumhq\selenium\selenium-chrome-driver\3.4.0\selenium-chrome-driver-3.4.0.jar;C:\Users\Sonam_Mittal\.m2\repository\org\seleniumhq\selenium\selenium-edge-driver\3.4.0\selenium-edge-driver-3.4.0.jar;C:\Users\Sonam_Mittal\.m2\repository\org\seleniumhq\selenium\selenium-firefox-driver\3.4.0\selenium-firefox-driver-3.4.0.jar;C:\Users\Sonam_Mittal\.m2\repository\org\seleniumhq\selenium\selenium-ie-driver\3.4.0\selenium-ie-driver-3.4.0.jar;C:\Users\Sonam_Mittal\.m2\repository\org\seleniumhq\selenium\selenium-opera-driver\3.4.0\selenium-opera-driver-3.4.0.jar;C:\Users\Sonam_Mittal\.m2\repository\org\seleniumhq\selenium\selenium-remote-driver\3.4.0\selenium-remote-driver-3.4.0.jar;C:\Users\Sonam_Mittal\.m2\repository\org\seleniumhq\selenium\selenium-safari-driver\3.4.0\selenium-safari-driver-3.4.0.jar;C:\Users\Sonam_Mittal\.m2\repository\org\seleniumhq\selenium\selenium-support\3.4.0\selenium-support-3.4.0.jar;C:\Users\Sonam_Mittal\.m2\repository\cglib\cglib-nodep\3.2.4\cglib-nodep-3.2.4.jar;C:\Users\Sonam_Mittal\.m2\repository\org\apache\commons\commons-exec\1.3\commons-exec-1.3.jar;C:\Users\Sonam_Mittal\.m2\repository\org\apache\commons\commons-lang3\3.5\commons-lang3-3.5.jar;C:\Users\Sonam_Mittal\.m2\repository\commons-codec\commons-codec\1.10\commons-codec-1.10.jar;C:\Users\Sonam_Mittal\.m2\repository\commons-io\commons-io\2.5\commons-io-2.5.jar;C:\Users\Sonam_Mittal\.m2\repository\commons-logging\commons-logging\1.2\commons-logging-1.2.jar;C:\Users\Sonam_Mittal\.m2\repository\org\w3c\css\sac\1.3\sac-1.3.jar;C:\Users\Sonam_Mittal\.m2\repository\net\sourceforge\cssparser\cssparser\0.9.22\cssparser-0.9.22.jar;C:\Users\Sonam_Mittal\.m2\repository\com\google\code\gson\gson\2.8.0\gson-2.8.0.jar;C:\Users\Sonam_Mittal\.m2\repository\com\google\guava\guava\21.0\guava-21.0.jar;C:\Users\Sonam_Mittal\.m2\repository\org\hamcrest\hamcrest-core\1.3\hamcrest-core-1.3.jar;C:\Users\Sonam_Mittal\.m2\repository\net\sourceforge\htmlunit\htmlunit\2.26\htmlunit-2.26.jar;C:\Users\Sonam_Mittal\.m2\repository\net\sourceforge\htmlunit\htmlunit-core-js\2.26\htmlunit-core-js-2.26.jar;C:\Users\Sonam_Mittal\.m2\repository\net\sourceforge\htmlunit\neko-htmlunit\2.25\neko-htmlunit-2.25.jar;C:\Users\Sonam_Mittal\.m2\repository\org\apache\httpcomponents\httpclient\4.5.3\httpclient-4.5.3.jar;C:\Users\Sonam_Mittal\.m2\repository\org\apache\httpcomponents\httpcore\4.4.6\httpcore-4.4.6.jar;C:\Users\Sonam_Mittal\.m2\repository\org\apache\httpcomponents\httpmime\4.5.3\httpmime-4.5.3.jar;C:\Users\Sonam_Mittal\.m2\repository\org\eclipse\jetty\jetty-io\9.4.1.v20170120\jetty-io-9.4.1.v20170120.jar;C:\Users\Sonam_Mittal\.m2\repository\org\eclipse\jetty\jetty-util\9.4.1.v20170120\jetty-util-9.4.1.v20170120.jar;C:\Users\Sonam_Mittal\.m2\repository\net\java\dev\jna\jna\4.1.0\jna-4.1.0.jar;C:\Users\Sonam_Mittal\.m2\repository\net\java\dev\jna\jna-platform\4.1.0\jna-platform-4.1.0.jar;C:\Users\Sonam_Mittal\.m2\repository\junit\junit\4.12\junit-4.12.jar;C:\Users\Sonam_Mittal\.m2\repository\com\codeborne\phantomjsdriver\1.4.0\phantomjsdriver-1.4.0.jar;C:\Users\Sonam_Mittal\.m2\repository\org\seleniumhq\selenium\htmlunit-driver\2.26\htmlunit-driver-2.26.jar;C:\Users\Sonam_Mittal\.m2\repository\javax\servlet\javax.servlet-api\3.1.0\javax.servlet-api-3.1.0.jar;C:\Users\Sonam_Mittal\.m2\repository\org\eclipse\jetty\websocket\websocket-api\9.4.3.v20170317\websocket-api-9.4.3.v20170317.jar;C:\Users\Sonam_Mittal\.m2\repository\org\eclipse\jetty\websocket\websocket-client\9.4.3.v20170317\websocket-client-9.4.3.v20170317.jar;C:\Users\Sonam_Mittal\.m2\repository\org\eclipse\jetty\jetty-client\9.4.3.v20170317\jetty-client-9.4.3.v20170317.jar;C:\Users\Sonam_Mittal\.m2\repository\org\eclipse\jetty\jetty-http\9.4.3.v20170317\jetty-http-9.4.3.v20170317.jar;C:\Users\Sonam_Mittal\.m2\repository\org\eclipse\jetty\websocket\websocket-common\9.4.3.v20170317\websocket-common-9.4.3.v20170317.jar;C:\Users\Sonam_Mittal\.m2\repository\xalan\serializer\2.7.2\serializer-2.7.2.jar;C:\Users\Sonam_Mittal\.m2\repository\xalan\xalan\2.7.2\xalan-2.7.2.jar;C:\Users\Sonam_Mittal\.m2\repository\xerces\xercesImpl\2.11.0\xercesImpl-2.11.0.jar;C:\Users\Sonam_Mittal\.m2\repository\xml-apis\xml-apis\1.4.01\xml-apis-1.4.01.jar;C:\Users\Sonam_Mittal\.m2\repository\org\testng\testng\6.10\testng-6.10.jar;C:\Users\Sonam_Mittal\.m2\repository\com\beust\jcommander\1.48\jcommander-1.48.jar;C:\Users\Sonam_Mittal\.m2\repository\info\cukes\cucumber-java\1.2.5\cucumber-java-1.2.5.jar;C:\Users\Sonam_Mittal\.m2\repository\info\cukes\cucumber-jvm-deps\1.0.5\cucumber-jvm-deps-1.0.5.jar;C:\Users\Sonam_Mittal\.m2\repository\info\cukes\cucumber-core\1.2.5\cucumber-core-1.2.5.jar;C:\Users\Sonam_Mittal\.m2\repository\info\cukes\cucumber-html\0.2.3\cucumber-html-0.2.3.jar;C:\Users\Sonam_Mittal\.m2\repository\info\cukes\gherkin\2.12.2\gherkin-2.12.2.jar;C:\Users\Sonam_Mittal\.m2\repository\info\cukes\cucumber-testng\1.2.5\cucumber-testng-1.2.5.jar;C:\Users\Sonam_Mittal\.m2\repository\io\cucumber\cucumber-java\2.3.0\cucumber-java-2.3.0.jar;C:\Users\Sonam_Mittal\.m2\repository\io\cucumber\cucumber-core\2.3.0\cucumber-core-2.3.0.jar;C:\Users\Sonam_Mittal\.m2\repository\io\cucumber\cucumber-jvm-deps\1.0.6\cucumber-jvm-deps-1.0.6.jar;C:\Users\Sonam_Mittal\.m2\repository\io\cucumber\tag-expressions\1.1.1\tag-expressions-1.1.1.jar;C:\Users\Sonam_Mittal\.m2\repository\com\github\temyers\cucumber-jvm-parallel-plugin\2.1.0\cucumber-jvm-parallel-plugin-2.1.0.jar;C:\Users\Sonam_Mittal\.m2\repository\org\apache\velocity\velocity\1.7\velocity-1.7.jar;C:\Users\Sonam_Mittal\.m2\repository\commons-collections\commons-collections\3.2.1\commons-collections-3.2.1.jar;C:\Users\Sonam_Mittal\.m2\repository\commons-lang\commons-lang\2.4\commons-lang-2.4.jar;C:\Users\Sonam_Mittal\.m2\repository\io\cucumber\gherkin\3.2.0\gherkin-3.2.0.jar;C:\Users\Sonam_Mittal\.m2\repository\io\cucumber\gherkin-jvm-deps\1.0.4\gherkin-jvm-deps-1.0.4.jar;C:\Users\Sonam_Mittal\.m2\repository\org\projectlombok\lombok\1.16.10\lombok-1.16.10.jar;C:\Users\Sonam_Mittal\.m2\repository\net\serenity-bdd\maven\plugins\serenity-maven-plugin\1.0.6\serenity-maven-plugin-1.0.6.jar;C:\Users\Sonam_Mittal\.m2\repository\org\apache\maven\maven-plugin-api\3.2.3\maven-plugin-api-3.2.3.jar;C:\Users\Sonam_Mittal\.m2\repository\org\apache\maven\maven-model\3.2.3\maven-model-3.2.3.jar;C:\Users\Sonam_Mittal\.m2\repository\org\apache\maven\maven-artifact\3.2.3\maven-artifact-3.2.3.jar;C:\Users\Sonam_Mittal\.m2\repository\org\eclipse\sisu\org.eclipse.sisu.plexus\0.0.0.M5\org.eclipse.sisu.plexus-0.0.0.M5.jar;C:\Users\Sonam_Mittal\.m2\repository\javax\enterprise\cdi-api\1.0\cdi-api-1.0.jar;C:\Users\Sonam_Mittal\.m2\repository\javax\annotation\jsr250-api\1.0\jsr250-api-1.0.jar;C:\Users\Sonam_Mittal\.m2\repository\org\sonatype\sisu\sisu-guice\3.1.0\sisu-guice-3.1.0-no_aop.jar;C:\Users\Sonam_Mittal\.m2\repository\org\eclipse\sisu\org.eclipse.sisu.inject\0.0.0.M5\org.eclipse.sisu.inject-0.0.0.M5.jar;C:\Users\Sonam_Mittal\.m2\repository\net\serenity-bdd\core\1.0.6\core-1.0.6.jar;C:\Users\Sonam_Mittal\.m2\repository\com\google\inject\guice\3.0\guice-3.0.jar;C:\Users\Sonam_Mittal\.m2\repository\javax\inject\javax.inject\1\javax.inject-1.jar;C:\Users\Sonam_Mittal\.m2\repository\aopalliance\aopalliance\1.0\aopalliance-1.0.jar;C:\Users\Sonam_Mittal\.m2\repository\org\slf4j\slf4j-api\1.6.4\slf4j-api-1.6.4.jar;C:\Users\Sonam_Mittal\.m2\repository\net\serenity-bdd\serenity-report-resources\1.0.6\serenity-report-resources-1.0.6.jar;C:\Users\Sonam_Mittal\.m2\repository\com\fasterxml\jackson\core\jackson-core\2.4.3\jackson-core-2.4.3.jar;C:\Users\Sonam_Mittal\.m2\repository\com\fasterxml\jackson\core\jackson-annotations\2.4.3\jackson-annotations-2.4.3.jar;C:\Users\Sonam_Mittal\.m2\repository\com\fasterxml\jackson\core\jackson-databind\2.4.3\jackson-databind-2.4.3.jar;C:\Users\Sonam_Mittal\.m2\repository\com\fasterxml\jackson\datatype\jackson-datatype-joda\2.4.3\jackson-datatype-joda-2.4.3.jar;C:\Users\Sonam_Mittal\.m2\repository\com\fasterxml\jackson\datatype\jackson-datatype-guava\2.4.3\jackson-datatype-guava-2.4.3.jar;C:\Users\Sonam_Mittal\.m2\repository\cglib\cglib\2.2.2\cglib-2.2.2.jar;C:\Users\Sonam_Mittal\.m2\repository\com\opera\operadriver\1.5\operadriver-1.5.jar;C:\Users\Sonam_Mittal\.m2\repository\com\opera\operalaunchers\1.1\operalaunchers-1.1.jar;C:\Users\Sonam_Mittal\.m2\repository\com\google\protobuf\protobuf-java\2.4.1\protobuf-java-2.4.1.jar;C:\Users\Sonam_Mittal\.m2\repository\commons-jxpath\commons-jxpath\1.3\commons-jxpath-1.3.jar;C:\Users\Sonam_Mittal\.m2\repository\org\ini4j\ini4j\0.5.2\ini4j-0.5.2.jar;C:\Users\Sonam_Mittal\.m2\repository\org\seleniumhq\selenium\selenium-server\2.43.1\selenium-server-2.43.1.jar;C:\Users\Sonam_Mittal\.m2\repository\org\bouncycastle\bcprov-jdk15on\1.48\bcprov-jdk15on-1.48.jar;C:\Users\Sonam_Mittal\.m2\repository\org\bouncycastle\bcpkix-jdk15on\1.48\bcpkix-jdk15on-1.48.jar;C:\Users\Sonam_Mittal\.m2\repository\mx4j\mx4j-tools\3.0.1\mx4j-tools-3.0.1.jar;C:\Users\Sonam_Mittal\.m2\repository\org\mortbay\jetty\servlet-api-2.5\6.1.9\servlet-api-2.5-6.1.9.jar;C:\Users\Sonam_Mittal\.m2\repository\org\seleniumhq\selenium\jetty-repacked\7.6.1\jetty-repacked-7.6.1.jar;C:\Users\Sonam_Mittal\.m2\repository\org\seleniumhq\selenium\jetty-rc-repacked\5\jetty-rc-repacked-5.jar;C:\Users\Sonam_Mittal\.m2\repository\net\jcip\jcip-annotations\1.0\jcip-annotations-1.0.jar;C:\Users\Sonam_Mittal\.m2\repository\org\yaml\snakeyaml\1.8\snakeyaml-1.8.jar;C:\Users\Sonam_Mittal\.m2\repository\com\github\detro\phantomjsdriver\1.2.0\phantomjsdriver-1.2.0.jar;C:\Users\Sonam_Mittal\.m2\repository\net\sf\opencsv\opencsv\2.0\opencsv-2.0.jar;C:\Users\Sonam_Mittal\.m2\repository\commons-beanutils\commons-beanutils-core\1.8.3\commons-beanutils-core-1.8.3.jar;C:\Users\Sonam_Mittal\.m2\repository\com\googlecode\lambdaj\lambdaj\2.3.3\lambdaj-2.3.3.jar;C:\Users\Sonam_Mittal\.m2\repository\org\objenesis\objenesis\1.2\objenesis-1.2.jar;C:\Users\Sonam_Mittal\.m2\repository\joda-time\joda-time\2.0\joda-time-2.0.jar;C:\Users\Sonam_Mittal\.m2\repository\com\thoughtworks\xstream\xstream\1.4.1\xstream-1.4.1.jar;C:\Users\Sonam_Mittal\.m2\repository\xmlpull\xmlpull\1.1.3.1\xmlpull-1.1.3.1.jar;C:\Users\Sonam_Mittal\.m2\repository\xpp3\xpp3_min\1.1.4c\xpp3_min-1.1.4c.jar;C:\Users\Sonam_Mittal\.m2\repository\net\sf\flexjson\flexjson\2.1\flexjson-2.1.jar;C:\Users\Sonam_Mittal\.m2\repository\org\freemarker\freemarker\2.3.21\freemarker-2.3.21.jar;C:\Users\Sonam_Mittal\.m2\repository\net\sourceforge\jexcelapi\jxl\2.6.12\jxl-2.6.12.jar;C:\Users\Sonam_Mittal\.m2\repository\asm\asm\3.3.1\asm-3.3.1.jar;C:\Users\Sonam_Mittal\.m2\repository\org\springframework\spring-test\3.2.3.RELEASE\spring-test-3.2.3.RELEASE.jar;C:\Users\Sonam_Mittal\.m2\repository\org\springframework\spring-core\3.2.3.RELEASE\spring-core-3.2.3.RELEASE.jar;C:\Users\Sonam_Mittal\.m2\repository\org\springframework\spring-context\3.2.3.RELEASE\spring-context-3.2.3.RELEASE.jar;C:\Users\Sonam_Mittal\.m2\repository\org\springframework\spring-aop\3.2.3.RELEASE\spring-aop-3.2.3.RELEASE.jar;C:\Users\Sonam_Mittal\.m2\repository\org\springframework\spring-beans\3.2.3.RELEASE\spring-beans-3.2.3.RELEASE.jar;C:\Users\Sonam_Mittal\.m2\repository\org\springframework\spring-expression\3.2.3.RELEASE\spring-expression-3.2.3.RELEASE.jar;C:\Users\Sonam_Mittal\.m2\repository\org\springframework\spring-context-support\3.2.3.RELEASE\spring-context-support-3.2.3.RELEASE.jar;C:\Users\Sonam_Mittal\.m2\repository\org\hamcrest\hamcrest-library\1.3\hamcrest-library-1.3.jar;C:\Users\Sonam_Mittal\.m2\repository\org\fluentlenium\fluentlenium-core\0.10.2\fluentlenium-core-0.10.2.jar;C:\Users\Sonam_Mittal\.m2\repository\com\jhlabs\filters\2.0.235\filters-2.0.235.jar;C:\Users\Sonam_Mittal\.m2\repository\org\asciidoctor\asciidoctor-java-integration\0.1.3\asciidoctor-java-integration-0.1.3.jar;C:\Users\Sonam_Mittal\.m2\repository\org\jruby\jruby-complete\1.7.4\jruby-complete-1.7.4.jar;C:\Users\Sonam_Mittal\.m2\repository\org\hibernate\hibernate-validator\5.1.1.Final\hibernate-validator-5.1.1.Final.jar;C:\Users\Sonam_Mittal\.m2\repository\javax\validation\validation-api\1.1.0.Final\validation-api-1.1.0.Final.jar;C:\Users\Sonam_Mittal\.m2\repository\org\jboss\logging\jboss-logging\3.1.3.GA\jboss-logging-3.1.3.GA.jar;C:\Users\Sonam_Mittal\.m2\repository\com\fasterxml\classmate\1.0.0\classmate-1.0.0.jar;C:\Users\Sonam_Mittal\.m2\repository\javax\el\javax.el-api\2.2.4\javax.el-api-2.2.4.jar;C:\Users\Sonam_Mittal\.m2\repository\org\glassfish\web\javax.el\2.2.4\javax.el-2.2.4.jar;C:\Users\Sonam_Mittal\.m2\repository\org\apache\maven\maven-core\3.0.4\maven-core-3.0.4.jar;C:\Users\Sonam_Mittal\.m2\repository\org\apache\maven\maven-settings\3.0.4\maven-settings-3.0.4.jar;C:\Users\Sonam_Mittal\.m2\repository\org\apache\maven\maven-settings-builder\3.0.4\maven-settings-builder-3.0.4.jar;C:\Users\Sonam_Mittal\.m2\repository\org\apache\maven\maven-repository-metadata\3.0.4\maven-repository-metadata-3.0.4.jar;C:\Users\Sonam_Mittal\.m2\repository\org\apache\maven\maven-model-builder\3.0.4\maven-model-builder-3.0.4.jar;C:\Users\Sonam_Mittal\.m2\repository\org\apache\maven\maven-aether-provider\3.0.4\maven-aether-provider-3.0.4.jar;C:\Users\Sonam_Mittal\.m2\repository\org\sonatype\aether\aether-spi\1.13.1\aether-spi-1.13.1.jar;C:\Users\Sonam_Mittal\.m2\repository\org\sonatype\aether\aether-impl\1.13.1\aether-impl-1.13.1.jar;C:\Users\Sonam_Mittal\.m2\repository\org\sonatype\aether\aether-api\1.13.1\aether-api-1.13.1.jar;C:\Users\Sonam_Mittal\.m2\repository\org\sonatype\aether\aether-util\1.13.1\aether-util-1.13.1.jar;C:\Users\Sonam_Mittal\.m2\repository\org\sonatype\sisu\sisu-inject-plexus\2.3.0\sisu-inject-plexus-2.3.0.jar;C:\Users\Sonam_Mittal\.m2\repository\org\sonatype\sisu\sisu-inject-bean\2.3.0\sisu-inject-bean-2.3.0.jar;C:\Users\Sonam_Mittal\.m2\repository\org\codehaus\plexus\plexus-interpolation\1.14\plexus-interpolation-1.14.jar;C:\Users\Sonam_Mittal\.m2\repository\org\codehaus\plexus\plexus-utils\2.0.6\plexus-utils-2.0.6.jar;C:\Users\Sonam_Mittal\.m2\repository\org\codehaus\plexus\plexus-classworlds\2.4\plexus-classworlds-2.4.jar;C:\Users\Sonam_Mittal\.m2\repository\org\codehaus\plexus\plexus-component-annotations\1.5.5\plexus-component-annotations-1.5.5.jar;C:\Users\Sonam_Mittal\.m2\repository\org\sonatype\plexus\plexus-sec-dispatcher\1.3\plexus-sec-dispatcher-1.3.jar;C:\Users\Sonam_Mittal\.m2\repository\org\sonatype\plexus\plexus-cipher\1.4\plexus-cipher-1.4.jar;C:\Users\Sonam_Mittal\.m2\repository\org\apache\maven\plugin-tools\maven-plugin-annotations\3.3\maven-plugin-annotations-3.3.jar;C:\Users\Sonam_Mittal\.m2\repository\org\apache\maven\reporting\maven-reporting-api\3.0\maven-reporting-api-3.0.jar;C:\Users\Sonam_Mittal\.m2\repository\org\apache\maven\doxia\doxia-sink-api\1.0\doxia-sink-api-1.0.jar;C:\Users\Sonam_Mittal\.m2\repository\log4j\log4j\1.2.17\log4j-1.2.17.jar;C:\Users\Sonam_Mittal\.m2\repository\org\apache\poi\poi-ooxml\3.9\poi-ooxml-3.9.jar;C:\Users\Sonam_Mittal\.m2\repository\org\apache\poi\poi\3.9\poi-3.9.jar;C:\Users\Sonam_Mittal\.m2\repository\org\apache\poi\poi-ooxml-schemas\3.9\poi-ooxml-schemas-3.9.jar;C:\Users\Sonam_Mittal\.m2\repository\org\apache\xmlbeans\xmlbeans\2.3.0\xmlbeans-2.3.0.jar;C:\Users\Sonam_Mittal\.m2\repository\dom4j\dom4j\1.6.1\dom4j-1.6.1.jar;C:\Users\Sonam_Mittal\.m2\repository\org\hamcrest\hamcrest-all\1.1\hamcrest-all-1.1.jar;C:\Users\Sonam_Mittal\.m2\repository\org\apache\servicemix\bundles\org.apache.servicemix.bundles.poi\3.14_1\org.apache.servicemix.bundles.poi-3.14_1.jar;C:\Users\Sonam_Mittal\.m2\repository\logkit\logkit\1.0.1\logkit-1.0.1.jar;C:\Users\Sonam_Mittal\.m2\repository\avalon-framework\avalon-framework\4.1.3\avalon-framework-4.1.3.jar;C:\Users\Sonam_Mittal\.m2\repository\javax\servlet\servlet-api\2.3\servlet-api-2.3.jar;C:\Users\Sonam_Mittal\.m2\repository\com\github\virtuald\curvesapi\1.03\curvesapi-1.03.jar;C:\Users\Sonam_Mittal\.m2\repository\stax\stax-api\1.0.1\stax-api-1.0.1.jar;C:\Users\Sonam_Mittal\.m2\repository\org\apache\maven\surefire\surefire-testng-utils\2.20.1\surefire-testng-utils-2.20.1.jar;C:\Users\Sonam_Mittal\.m2\repository\org\apache\maven\surefire\surefire-grouper\2.20.1\surefire-grouper-2.20.1.jar;"/>
    <property name="sun.cpu.endian" value="little"/>
    <property name="user.home" value="C:\Users\Sonam_Mittal"/>
    <property name="user.language" value="en"/>
    <property name="java.specification.vendor" value="Oracle Corporation"/>
    <property name="java.home" value="C:\Program Files\Java\jdk1.8.0_181\jre"/>
    <property name="basedir" value="D:\Users\Sonam_Mittal\workspace\SeleniumProject-master"/>
    <property name="file.separator" value="\"/>
    <property name="line.separator" value="&#10;"/>
    <property name="java.vm.specification.vendor" value="Oracle Corporation"/>
    <property name="java.specification.name" value="Java Platform API Specification"/>
    <property name="java.awt.graphicsenv" value="sun.awt.Win32GraphicsEnvironment"/>
    <property name="surefire.real.class.path" value="C:\Users\SONAM_~1\AppData\Local\Temp\surefire5629077575918049196\surefirebooter8066327903402104167.jar;serenity/serenity.jar"/>
    <property name="sun.boot.class.path" value="C:\Program Files\Java\jdk1.8.0_181\jre\lib\resources.jar;C:\Program Files\Java\jdk1.8.0_181\jre\lib\rt.jar;C:\Program Files\Java\jdk1.8.0_181\jre\lib\sunrsasign.jar;C:\Program Files\Java\jdk1.8.0_181\jre\lib\jsse.jar;C:\Program Files\Java\jdk1.8.0_181\jre\lib\jce.jar;C:\Program Files\Java\jdk1.8.0_181\jre\lib\charsets.jar;C:\Program Files\Java\jdk1.8.0_181\jre\lib\jfr.jar;C:\Program Files\Java\jdk1.8.0_181\jre\classes;D:\Users\Sonam_Mittal\workspace\SeleniumProject-master\serenity\serenity.jar;D:\Users\Sonam_Mittal\workspace\SeleniumProject-master\serenity\lib\log4j-1.2.17.jar;D:\Users\Sonam_Mittal\workspace\SeleniumProject-master\serenity\lib\asm-5.0.3.jar;D:\Users\Sonam_Mittal\workspace\SeleniumProject-master\serenity\lib\asm-commmons-5.0.3.jar;D:\Users\Sonam_Mittal\workspace\SeleniumProject-master\serenity\lib\neodatis-odb-1.9-beta-1.jar;D:\Users\Sonam_Mittal\workspace\SeleniumProject-master\serenity\lib\java2html-5.0.0.jar;D:\Users\Sonam_Mittal\workspace\SeleniumProject-master\serenity\lib\dom4j-1.6.1.jar;D:\Users\Sonam_Mittal\workspace\SeleniumProject-master\serenity\lib\jfreechart-1.0.9.jar;D:\Users\Sonam_Mittal\workspace\SeleniumProject-master\serenity\lib\jcommon-1.0.9.jar;D:\Users\Sonam_Mittal\workspace\SeleniumProject-master\serenity\lib\slf4j-api-1.7.7.jar;D:\Users\Sonam_Mittal\workspace\SeleniumProject-master\serenity\lib\slf4j-jdk14-1.7.7.jar"/>
    <property name="user.script" value=""/>
    <property name="sun.management.compiler" value="HotSpot 64-Bit Tiered Compilers"/>
    <property name="java.runtime.version" value="1.8.0_181-b13"/>
    <property name="user.name" value="Sonam_Mittal"/>
    <property name="path.separator" value=";"/>
    <property name="os.version" value="10.0"/>
    <property name="java.endorsed.dirs" value="C:\Program Files\Java\jdk1.8.0_181\jre\lib\endorsed"/>
    <property name="java.runtime.name" value="Java(TM) SE Runtime Environment"/>
    <property name="file.encoding" value="Cp1252"/>
    <property name="java.vm.name" value="Java HotSpot(TM) 64-Bit Server VM"/>
    <property name="included.packages" value="automation"/>
    <property name="localRepository" value="C:\Users\Sonam_Mittal\.m2\repository"/>
    <property name="java.vendor.url.bug" value="http://bugreport.sun.com/bugreport/"/>
    <property name="java.io.tmpdir" value="C:\Users\SONAM_~1\AppData\Local\Temp\"/>
    <property name="java.version" value="1.8.0_181"/>
    <property name="user.dir" value="D:\Users\Sonam_Mittal\workspace\SeleniumProject-master"/>
    <property name="os.arch" value="amd64"/>
    <property name="java.vm.specification.name" value="Java Virtual Machine Specification"/>
    <property name="java.awt.printerjob" value="sun.awt.windows.WPrinterJob"/>
    <property name="sun.os.patch.level" value=""/>
    <property name="java.library.path" value="C:\Program Files\Java\jdk1.8.0_181\jre\bin;C:\windows\Sun\Java\bin;C:\windows\system32;C:\windows;C:/Program Files/Java/jre1.8.0_181/bin/server;C:/Program Files/Java/jre1.8.0_181/bin;C:/Program Files/Java/jre1.8.0_181/lib/amd64;C:\Program Files (x86)\Common Files\Oracle\Java\javapath;C:\windows\system32;C:\windows;C:\windows\System32\Wbem;C:\windows\System32\WindowsPowerShell\v1.0\;C:\Program Files\Java\jdk1.8.0_181\bin;C:\Program Files\Git\cmd;C:\Program Files\TortoiseGit\bin;C:\Users\Sonam_Mittal\AppData\Local\Microsoft\WindowsApps;;D:\Sonam\eclipse-jee-neon-3-win32-x86_64\eclipse;;."/>
    <property name="java.vm.info" value="mixed mode"/>
    <property name="java.vendor" value="Oracle Corporation"/>
    <property name="java.vm.version" value="25.181-b13"/>
    <property name="java.ext.dirs" value="C:\Program Files\Java\jdk1.8.0_181\jre\lib\ext;C:\windows\Sun\Java\lib\ext"/>
    <property name="sun.io.unicode.encoding" value="UnicodeLittle"/>
    <property name="java.class.version" value="52.0"/>
  </properties>
  <testcase name="feature" classname="com.sample.RunnerClass" time="17.27">
    <failure message="org.openqa.selenium.WebDriverException: unknown error: call function result missing &apos;value&apos;&#10;  (Session info: chrome=69.0.3497.100)&#10;  (Driver info: chromedriver=2.34.522940 (1a76f96f66e3ca7b8e57d503b4dd3bccfba87af1),platform=Windows NT 10.0.16299 x86_64) (WARNING: The server did not provide any stacktrace information)&#10;Command duration or timeout: 45 milliseconds&#10;Build info: version: &apos;3.4.0&apos;, revision: &apos;unknown&apos;, time: &apos;unknown&apos;&#10;System info: host: &apos;EPINPUNW0077&apos;, ip: &apos;10.22.94.11&apos;, os.name: &apos;Windows 10&apos;, os.arch: &apos;amd64&apos;, os.version: &apos;10.0&apos;, java.version: &apos;1.8.0_181&apos;&#10;Driver info: org.openqa.selenium.chrome.ChromeDriver&#10;Capabilities [{applicationCacheEnabled=false, rotatable=false, mobileEmulationEnabled=false, networkConnectionEnabled=false, chrome={chromedriverVersion=2.34.522940 (1a76f96f66e3ca7b8e57d503b4dd3bccfba87af1), userDataDir=C:\Users\SONAM_~1\AppData\Local\Temp\scoped_dir4296_30183}, takesHeapSnapshot=true, pageLoadStrategy=normal, databaseEnabled=false, handlesAlerts=true, hasTouchScreen=false, version=69.0.3497.100, platform=XP, browserConnectionEnabled=false, nativeEvents=true, acceptSslCerts=true, locationContextEnabled=true, webStorageEnabled=true, browserName=chrome, takesScreenshot=true, javascriptEnabled=true, cssSelectorsEnabled=true, setWindowRect=true, unexpectedAlertBehaviour=}]&#10;Session ID: 31d28d95d60b4cee114060fbf8750e5c" type="cucumber.runtime.CucumberException">cucumber.runtime.CucumberException: 
org.openqa.selenium.WebDriverException: unknown error: call function result missing 'value'
  (Session info: chrome=69.0.3497.100)
  (Driver info: chromedriver=2.34.522940 (1a76f96f66e3ca7b8e57d503b4dd3bccfba87af1),platform=Windows NT 10.0.16299 x86_64) (WARNING: The server did not provide any stacktrace information)
Command duration or timeout: 45 milliseconds
Build info: version: '3.4.0', revision: 'unknown', time: 'unknown'
System info: host: 'EPINPUNW0077', ip: '10.22.94.11', os.name: 'Windows 10', os.arch: 'amd64', os.version: '10.0', java.version: '1.8.0_181'
Driver info: org.openqa.selenium.chrome.ChromeDriver
Capabilities [{applicationCacheEnabled=false, rotatable=false, mobileEmulationEnabled=false, networkConnectionEnabled=false, chrome={chromedriverVersion=2.34.522940 (1a76f96f66e3ca7b8e57d503b4dd3bccfba87af1), userDataDir=C:\Users\SONAM_~1\AppData\Local\Temp\scoped_dir4296_30183}, takesHeapSnapshot=true, pageLoadStrategy=normal, databaseEnabled=false, handlesAlerts=true, hasTouchScreen=false, version=69.0.3497.100, platform=XP, browserConnectionEnabled=false, nativeEvents=true, acceptSslCerts=true, locationContextEnabled=true, webStorageEnabled=true, browserName=chrome, takesScreenshot=true, javascriptEnabled=true, cssSelectorsEnabled=true, setWindowRect=true, unexpectedAlertBehaviour=}]
Session ID: 31d28d95d60b4cee114060fbf8750e5c
Caused by: org.openqa.selenium.WebDriverException: 
unknown error: call function result missing 'value'
  (Session info: chrome=69.0.3497.100)
  (Driver info: chromedriver=2.34.522940 (1a76f96f66e3ca7b8e57d503b4dd3bccfba87af1),platform=Windows NT 10.0.16299 x86_64) (WARNING: The server did not provide any stacktrace information)
Command duration or timeout: 45 milliseconds
Build info: version: '3.4.0', revision: 'unknown', time: 'unknown'
System info: host: 'EPINPUNW0077', ip: '10.22.94.11', os.name: 'Windows 10', os.arch: 'amd64', os.version: '10.0', java.version: '1.8.0_181'
Driver info: org.openqa.selenium.chrome.ChromeDriver
Capabilities [{applicationCacheEnabled=false, rotatable=false, mobileEmulationEnabled=false, networkConnectionEnabled=false, chrome={chromedriverVersion=2.34.522940 (1a76f96f66e3ca7b8e57d503b4dd3bccfba87af1), userDataDir=C:\Users\SONAM_~1\AppData\Local\Temp\scoped_dir4296_30183}, takesHeapSnapshot=true, pageLoadStrategy=normal, databaseEnabled=false, handlesAlerts=true, hasTouchScreen=false, version=69.0.3497.100, platform=XP, browserConnectionEnabled=false, nativeEvents=true, acceptSslCerts=true, locationContextEnabled=true, webStorageEnabled=true, browserName=chrome, takesScreenshot=true, javascriptEnabled=true, cssSelectorsEnabled=true, setWindowRect=true, unexpectedAlertBehaviour=}]
Session ID: 31d28d95d60b4cee114060fbf8750e5c
</failure>
    <system-out><![CDATA[2018-10-19 13:22:34 INFO  SearchFlightPage:59 - user is on search flight page
2018-10-19 13:22:42 INFO  SearchFlightPage:59 - user is on search flight page
]]></system-out>
    <system-err><![CDATA[log4j:ERROR Could not find value for key log4j.appender.INFO
log4j:ERROR Could not instantiate appender named "INFO".
log4j:ERROR setFile(null,true) call failed.
java.io.FileNotFoundException: F:\log4j-application.log (The system cannot find the path specified)
	at java.io.FileOutputStream.open0(Native Method)
	at java.io.FileOutputStream.open(FileOutputStream.java:270)
	at java.io.FileOutputStream.<init>(FileOutputStream.java:213)
	at java.io.FileOutputStream.<init>(FileOutputStream.java:133)
	at org.apache.log4j.FileAppender.setFile(FileAppender.java:294)
	at org.apache.log4j.RollingFileAppender.setFile(RollingFileAppender.java:207)
	at org.apache.log4j.FileAppender.activateOptions(FileAppender.java:165)
	at org.apache.log4j.config.PropertySetter.activate(PropertySetter.java:307)
	at org.apache.log4j.config.PropertySetter.setProperties(PropertySetter.java:172)
	at org.apache.log4j.config.PropertySetter.setProperties(PropertySetter.java:104)
	at org.apache.log4j.PropertyConfigurator.parseAppender(PropertyConfigurator.java:842)
	at org.apache.log4j.PropertyConfigurator.parseCategory(PropertyConfigurator.java:768)
	at org.apache.log4j.PropertyConfigurator.configureRootCategory(PropertyConfigurator.java:648)
	at org.apache.log4j.PropertyConfigurator.doConfigure(PropertyConfigurator.java:514)
	at org.apache.log4j.PropertyConfigurator.doConfigure(PropertyConfigurator.java:580)
	at org.apache.log4j.helpers.OptionConverter.selectAndConfigure(OptionConverter.java:526)
	at org.apache.log4j.LogManager.<clinit>(LogManager.java:127)
	at org.apache.log4j.Logger.getLogger(Logger.java:104)
	at org.apache.commons.logging.impl.Log4JLogger.getLogger(Log4JLogger.java:262)
	at org.apache.commons.logging.impl.Log4JLogger.<init>(Log4JLogger.java:108)
	at sun.reflect.NativeConstructorAccessorImpl.newInstance0(Native Method)
	at sun.reflect.NativeConstructorAccessorImpl.newInstance(NativeConstructorAccessorImpl.java:62)
	at sun.reflect.DelegatingConstructorAccessorImpl.newInstance(DelegatingConstructorAccessorImpl.java:45)
	at java.lang.reflect.Constructor.newInstance(Constructor.java:423)
	at org.apache.commons.logging.impl.LogFactoryImpl.createLogFromClass(LogFactoryImpl.java:1025)
	at org.apache.commons.logging.impl.LogFactoryImpl.discoverLogImplementation(LogFactoryImpl.java:844)
	at org.apache.commons.logging.impl.LogFactoryImpl.newInstance(LogFactoryImpl.java:541)
	at org.apache.commons.logging.impl.LogFactoryImpl.getInstance(LogFactoryImpl.java:292)
	at org.apache.commons.logging.impl.LogFactoryImpl.getInstance(LogFactoryImpl.java:269)
	at org.apache.commons.logging.LogFactory.getLog(LogFactory.java:655)
	at org.apache.http.conn.ssl.AbstractVerifier.<init>(AbstractVerifier.java:61)
	at org.apache.http.conn.ssl.AllowAllHostnameVerifier.<init>(AllowAllHostnameVerifier.java:44)
	at org.apache.http.conn.ssl.AllowAllHostnameVerifier.<clinit>(AllowAllHostnameVerifier.java:46)
	at org.apache.http.conn.ssl.SSLConnectionSocketFactory.<clinit>(SSLConnectionSocketFactory.java:146)
	at org.openqa.selenium.remote.internal.HttpClientFactory.getClientConnectionManager(HttpClientFactory.java:71)
	at org.openqa.selenium.remote.internal.HttpClientFactory.<init>(HttpClientFactory.java:57)
	at org.openqa.selenium.remote.internal.HttpClientFactory.<init>(HttpClientFactory.java:60)
	at org.openqa.selenium.remote.internal.ApacheHttpClient$Factory.getDefaultHttpClientFactory(ApacheHttpClient.java:247)
	at org.openqa.selenium.remote.internal.ApacheHttpClient$Factory.<init>(ApacheHttpClient.java:224)
	at org.openqa.selenium.remote.HttpCommandExecutor.getDefaultClientFactory(HttpCommandExecutor.java:93)
	at org.openqa.selenium.remote.HttpCommandExecutor.<init>(HttpCommandExecutor.java:72)
	at org.openqa.selenium.remote.service.DriverCommandExecutor.<init>(DriverCommandExecutor.java:62)
	at org.openqa.selenium.chrome.ChromeDriverCommandExecutor.<init>(ChromeDriverCommandExecutor.java:39)
	at org.openqa.selenium.chrome.ChromeDriver.<init>(ChromeDriver.java:184)
	at org.openqa.selenium.chrome.ChromeDriver.<init>(ChromeDriver.java:171)
	at org.openqa.selenium.chrome.ChromeDriver.<init>(ChromeDriver.java:124)
	at com.sample.page.TestBase.getDriver(TestBase.java:14)
	at com.sample.common.CommonFunction.getDriver(CommonFunction.java:50)
	at com.sample.stepdefs.StepDefination.openBrowser(StepDefination.java:30)
	at sun.reflect.NativeMethodAccessorImpl.invoke0(Native Method)
	at sun.reflect.NativeMethodAccessorImpl.invoke(NativeMethodAccessorImpl.java:62)
	at sun.reflect.DelegatingMethodAccessorImpl.invoke(DelegatingMethodAccessorImpl.java:43)
	at java.lang.reflect.Method.invoke(Method.java:498)
	at cucumber.runtime.Utils$1.call(Utils.java:40)
	at cucumber.runtime.Timeout.timeout(Timeout.java:16)
	at cucumber.runtime.Utils.invoke(Utils.java:34)
	at cucumber.runtime.java.JavaStepDefinition.execute(JavaStepDefinition.java:38)
	at cucumber.runtime.StepDefinitionMatch.runStep(StepDefinitionMatch.java:37)
	at cucumber.runtime.Runtime.runStep(Runtime.java:300)
	at cucumber.runtime.model.StepContainer.runStep(StepContainer.java:44)
	at cucumber.runtime.model.StepContainer.runSteps(StepContainer.java:39)
	at cucumber.runtime.model.CucumberScenario.run(CucumberScenario.java:44)
	at cucumber.runtime.model.CucumberFeature.run(CucumberFeature.java:165)
	at cucumber.api.testng.TestNGCucumberRunner.runCucumber(TestNGCucumberRunner.java:63)
	at cucumber.api.testng.AbstractTestNGCucumberTests.feature(AbstractTestNGCucumberTests.java:21)
	at sun.reflect.NativeMethodAccessorImpl.invoke0(Native Method)
	at sun.reflect.NativeMethodAccessorImpl.invoke(NativeMethodAccessorImpl.java:62)
	at sun.reflect.DelegatingMethodAccessorImpl.invoke(DelegatingMethodAccessorImpl.java:43)
	at java.lang.reflect.Method.invoke(Method.java:498)
	at org.testng.internal.MethodInvocationHelper.invokeMethod(MethodInvocationHelper.java:104)
	at org.testng.internal.Invoker.invokeMethod(Invoker.java:645)
	at org.testng.internal.Invoker.invokeTestMethod(Invoker.java:851)
	at org.testng.internal.Invoker.invokeTestMethods(Invoker.java:1177)
	at org.testng.internal.TestMethodWorker.invokeTestMethods(TestMethodWorker.java:129)
	at org.testng.internal.TestMethodWorker.run(TestMethodWorker.java:112)
	at org.testng.TestRunner.privateRun(TestRunner.java:756)
	at org.testng.TestRunner.run(TestRunner.java:610)
	at org.testng.SuiteRunner.runTest(SuiteRunner.java:387)
	at org.testng.SuiteRunner.runSequentially(SuiteRunner.java:382)
	at org.testng.SuiteRunner.privateRun(SuiteRunner.java:340)
	at org.testng.SuiteRunner.run(SuiteRunner.java:289)
	at org.testng.SuiteRunnerWorker.runSuite(SuiteRunnerWorker.java:52)
	at org.testng.SuiteRunnerWorker.run(SuiteRunnerWorker.java:86)
	at org.testng.TestNG.runSuitesSequentially(TestNG.java:1293)
	at org.testng.TestNG.runSuitesLocally(TestNG.java:1218)
	at org.testng.TestNG.runSuites(TestNG.java:1133)
	at org.testng.TestNG.run(TestNG.java:1104)
	at org.apache.maven.surefire.testng.TestNGExecutor.run(TestNGExecutor.java:283)
	at org.apache.maven.surefire.testng.TestNGXmlTestSuite.execute(TestNGXmlTestSuite.java:75)
	at org.apache.maven.surefire.testng.TestNGProvider.invoke(TestNGProvider.java:120)
	at org.apache.maven.surefire.booter.ForkedBooter.invokeProviderInSameClassLoader(ForkedBooter.java:373)
	at org.apache.maven.surefire.booter.ForkedBooter.runSuitesInProcess(ForkedBooter.java:334)
	at org.apache.maven.surefire.booter.ForkedBooter.execute(ForkedBooter.java:119)
	at org.apache.maven.surefire.booter.ForkedBooter.main(ForkedBooter.java:407)
Starting ChromeDriver 2.34.522940 (1a76f96f66e3ca7b8e57d503b4dd3bccfba87af1) on port 18212
Only local connections are allowed.
Starting ChromeDriver 2.34.522940 (1a76f96f66e3ca7b8e57d503b4dd3bccfba87af1) on port 29980
Only local connections are allowed.
]]></system-err>
  </testcase>
</testsuite>